c:\users\ckhar\documents\school\spring 2018\operating systems\wafflesupreme_phase2\wafflesupreme_phase2\debug\wafflesupreme_phase2.pch
c:\users\ckhar\documents\school\spring 2018\operating systems\wafflesupreme_phase2\wafflesupreme_phase2\debug\vc141.pdb
c:\users\ckhar\documents\school\spring 2018\operating systems\wafflesupreme_phase2\wafflesupreme_phase2\debug\vc141.idb
c:\users\ckhar\documents\school\spring 2018\operating systems\wafflesupreme_phase2\wafflesupreme_phase2\debug\stdafx.obj
c:\users\ckhar\documents\school\spring 2018\operating systems\wafflesupreme_phase2\wafflesupreme_phase2\debug\cpu.obj
c:\users\ckhar\documents\school\spring 2018\operating systems\wafflesupreme_phase2\wafflesupreme_phase2\debug\disk.obj
c:\users\ckhar\documents\school\spring 2018\operating systems\wafflesupreme_phase2\wafflesupreme_phase2\debug\dispatcher.obj
c:\users\ckhar\documents\school\spring 2018\operating systems\wafflesupreme_phase2\wafflesupreme_phase2\debug\driver.obj
c:\users\ckhar\documents\school\spring 2018\operating systems\wafflesupreme_phase2\wafflesupreme_phase2\debug\loader.obj
c:\users\ckhar\documents\school\spring 2018\operating systems\wafflesupreme_phase2\wafflesupreme_phase2\debug\longterm.obj
c:\users\ckhar\documents\school\spring 2018\operating systems\wafflesupreme_phase2\wafflesupreme_phase2\debug\pcbmanager.obj
c:\users\ckhar\documents\school\spring 2018\operating systems\wafflesupreme_phase2\wafflesupreme_phase2\debug\process.obj
c:\users\ckhar\documents\school\spring 2018\operating systems\wafflesupreme_phase2\wafflesupreme_phase2\debug\ram.obj
c:\users\ckhar\documents\school\spring 2018\operating systems\wafflesupreme_phase2\wafflesupreme_phase2\debug\shortterm.obj
c:\users\ckhar\documents\school\spring 2018\operating systems\wafflesupreme_phase2\wafflesupreme_phase2\debug\wafflesupreme_phase2.obj
c:\users\ckhar\documents\school\spring 2018\operating systems\wafflesupreme_phase2\debug\wafflesupreme_phase2.pdb
c:\users\ckhar\documents\school\spring 2018\operating systems\wafflesupreme_phase2\wafflesupreme_phase2\debug\wafflesu.bb6be981.tlog\cl.command.1.tlog
c:\users\ckhar\documents\school\spring 2018\operating systems\wafflesupreme_phase2\wafflesupreme_phase2\debug\wafflesu.bb6be981.tlog\cl.read.1.tlog
c:\users\ckhar\documents\school\spring 2018\operating systems\wafflesupreme_phase2\wafflesupreme_phase2\debug\wafflesu.bb6be981.tlog\cl.write.1.tlog
c:\users\ckhar\documents\school\spring 2018\operating systems\wafflesupreme_phase2\wafflesupreme_phase2\debug\wafflesu.bb6be981.tlog\link-cvtres.read.1.tlog
c:\users\ckhar\documents\school\spring 2018\operating systems\wafflesupreme_phase2\wafflesupreme_phase2\debug\wafflesu.bb6be981.tlog\link-cvtres.write.1.tlog
c:\users\ckhar\documents\school\spring 2018\operating systems\wafflesupreme_phase2\wafflesupreme_phase2\debug\wafflesu.bb6be981.tlog\link-rc.read.1.tlog
c:\users\ckhar\documents\school\spring 2018\operating systems\wafflesupreme_phase2\wafflesupreme_phase2\debug\wafflesu.bb6be981.tlog\link-rc.write.1.tlog
c:\users\ckhar\documents\school\spring 2018\operating systems\wafflesupreme_phase2\wafflesupreme_phase2\debug\wafflesu.bb6be981.tlog\link.command.1.tlog
c:\users\ckhar\documents\school\spring 2018\operating systems\wafflesupreme_phase2\wafflesupreme_phase2\debug\wafflesu.bb6be981.tlog\link.read.1.tlog
c:\users\ckhar\documents\school\spring 2018\operating systems\wafflesupreme_phase2\wafflesupreme_phase2\debug\wafflesu.bb6be981.tlog\link.write.1.tlog
